This is pdfTeX, Version 3.14159265-2.6-1.40.18 (TeX Live 2017) (preloaded format=pdflatex 2018.7.24)  1 MAY 2019 16:44
entering extended mode
 restricted \write18 enabled.
 %&-line parsing enabled.
**todo.tex
(./todo.tex
LaTeX2e <2017/01/01> patch level 3
Babel <3.10> and hyphenation patterns for 31 language(s) loaded.

! LaTeX Error: Environment DoxyRefList undefined.

See the LaTeX manual or LaTeX Companion for explanation.
Type  H <return>  for immediate help.
 ...                                              
                                                  
l.2 \begin{DoxyRefList}
                       
? 
! Emergency stop.
 ...                                              
                                                  
l.2 \begin{DoxyRefList}
                       
Your command was ignored.
Type  I <command> <return>  to replace it with another command,
or  <return>  to continue without it.

 
Here is how much of TeX's memory you used:
 7 strings out of 494315
 268 string characters out of 6165343
 48080 words of memory out of 5000000
 3449 multiletter control sequences out of 15000+600000
 3640 words of font info for 14 fonts, out of 8000000 for 9000
 372 hyphenation exceptions out of 8191
 5i,0n,4p,42b,16s stack positions out of 5000i,500n,10000p,200000b,80000s
!  ==> Fatal error occurred, no output PDF file produced!
